<?xml version="1.0" encoding="UTF-8"?>
<testng-results ignored="0" total="2" passed="2" failed="0" skipped="0">
  <reporter-output>
  </reporter-output>
  <suite started-at="2024-12-04T23:07:53 IST" name="Surefire suite" finished-at="2024-12-04T23:07:56 IST" duration-ms="2763">
    <groups>
    </groups>
    <test started-at="2024-12-04T23:07:53 IST" name="Surefire test" finished-at="2024-12-04T23:07:56 IST" duration-ms="2763">
      <class name="NewTest">
        <test-method signature="f()[pri:0, instance:NewTest@2bbf180e]" started-at="2024-12-04T23:07:53 IST" name="f" finished-at="2024-12-04T23:07:53 IST" duration-ms="4" status="PASS">
          <reporter-output>
          </reporter-output>
        </test-method> <!-- f -->
      </class> <!-- NewTest -->
      <class name="testcases.LoginTest">
        <test-method is-config="true" signature="setUp()[pri:0, instance:testcases.LoginTest@7c469c48]" started-at="2024-12-04T23:07:53 IST" name="setUp" finished-at="2024-12-04T23:07:55 IST" duration-ms="2069" status="PASS">
          <reporter-output>
          </reporter-output>
        </test-method> <!-- setUp -->
        <test-method signature="testLogin()[pri:0, instance:testcases.LoginTest@7c469c48]" started-at="2024-12-04T23:07:55 IST" name="testLogin" finished-at="2024-12-04T23:07:56 IST" duration-ms="461" status="PASS">
          <reporter-output>
          </reporter-output>
        </test-method> <!-- testLogin -->
        <test-method is-config="true" signature="tearDown()[pri:0, instance:testcases.LoginTest@7c469c48]" started-at="2024-12-04T23:07:56 IST" name="tearDown" finished-at="2024-12-04T23:07:56 IST" duration-ms="186" status="PASS">
          <reporter-output>
          </reporter-output>
        </test-method> <!-- tearDown -->
      </class> <!-- testcases.LoginTest -->
    </test> <!-- Surefire test -->
  </suite> <!-- Surefire suite -->
</testng-results>
