<?xml version="1.0" encoding="UTF-8"?>
<testng-results ignored="0" total="1" passed="1" failed="0" skipped="0">
  <reporter-output>
  </reporter-output>
  <suite started-at="2024-12-04T22:49:17 IST" name="Surefire suite" finished-at="2024-12-04T22:49:19 IST" duration-ms="2423">
    <groups>
    </groups>
    <test started-at="2024-12-04T22:49:17 IST" name="Surefire test" finished-at="2024-12-04T22:49:19 IST" duration-ms="2423">
      <class name="testcases.LoginTest">
        <test-method is-config="true" signature="setUp()[pri:0, instance:testcases.LoginTest@d4342c2]" started-at="2024-12-04T22:49:17 IST" name="setUp" finished-at="2024-12-04T22:49:18 IST" duration-ms="1766" status="PASS">
          <reporter-output>
          </reporter-output>
        </test-method> <!-- setUp -->
        <test-method signature="testLogin()[pri:0, instance:testcases.LoginTest@d4342c2]" started-at="2024-12-04T22:49:18 IST" name="testLogin" finished-at="2024-12-04T22:49:19 IST" duration-ms="398" status="PASS">
          <reporter-output>
          </reporter-output>
        </test-method> <!-- testLogin -->
        <test-method is-config="true" signature="tearDown()[pri:0, instance:testcases.LoginTest@d4342c2]" started-at="2024-12-04T22:49:19 IST" name="tearDown" finished-at="2024-12-04T22:49:19 IST" duration-ms="219" status="PASS">
          <reporter-output>
          </reporter-output>
        </test-method> <!-- tearDown -->
      </class> <!-- testcases.LoginTest -->
    </test> <!-- Surefire test -->
  </suite> <!-- Surefire suite -->
</testng-results>
